<?xml version="1.0" encoding="UTF-8"?>
<!-- Generated by org.testng.reporters.JUnitXMLReporter -->
<testsuite ignored="2" hostname="LAPTOP-D6BT4UGC" failures="0" tests="1" name="Default test" time="0.055" errors="0" timestamp="2022-11-17T20:11:42 IST">
  <testcase classname="PracticeTest.SampleTest" name="UpdateCustomer" time="0.015"/>
  <testcase classname="PracticeTest.SampleTest" name="CreateCustomer" time="0.0">
    <ignored/>
  </testcase> <!-- CreateCustomer -->
  <testcase classname="PracticeTest.SampleTest" name="deleteCustomer" time="0.0">
    <ignored/>
  </testcase> <!-- deleteCustomer -->
</testsuite> <!-- Default test -->
