<?xml version="1.0" encoding="UTF-8"?>
<testng-results ignored="2" total="3" passed="1" failed="0" skipped="0">
  <reporter-output>
  </reporter-output>
  <suite started-at="2022-11-17T20:11:42 IST" name="Default suite" finished-at="2022-11-17T20:11:42 IST" duration-ms="55">
    <groups>
    </groups>
    <test started-at="2022-11-17T20:11:42 IST" name="Default test" finished-at="2022-11-17T20:11:42 IST" duration-ms="55">
      <class name="PracticeTest.SampleTest">
        <test-method signature="UpdateCustomer()[pri:0, instance:PracticeTest.SampleTest@4de4b452]" started-at="2022-11-17T20:11:42 IST" name="UpdateCustomer" finished-at="2022-11-17T20:11:42 IST" duration-ms="15" status="PASS">
          <reporter-output>
          </reporter-output>
        </test-method> <!-- UpdateCustomer -->
      </class> <!-- PracticeTest.SampleTest -->
    </test> <!-- Default test -->
  </suite> <!-- Default suite -->
</testng-results>
